<?xml version="1.0" encoding="UTF-8"?>
<!-- Generated by org.testng.reporters.JUnitReportReporter -->
<testsuite skipped="0" hostname="MSI" name="com.myclient.testscripts.PassDataInExternalResources" tests="1" failures="0" timestamp="2021-11-11T11:21:56 IST" time="0.007" errors="0">
  <testcase name="passData" time="0.007" classname="com.myclient.testscripts.PassDataInExternalResources"/>
  <system-out/>
</testsuite> <!-- com.myclient.testscripts.PassDataInExternalResources -->
