<?xml version="1.0" encoding="UTF-8"?>
<!-- Generated by org.testng.reporters.JUnitReportReporter -->
<testsuite skipped="0" hostname="MSI" name="com.myclient.testscripts.LeadsTest" tests="1" failures="0" timestamp="2021-11-11T08:39:43 IST" time="0.007" errors="0">
  <testcase name="leadsTest" time="0.007" classname="com.myclient.testscripts.LeadsTest"/>
  <system-out/>
</testsuite> <!-- com.myclient.testscripts.LeadsTest -->
