<?xml version="1.0" encoding="UTF-8"?>
<!-- Generated by org.testng.reporters.JUnitReportReporter -->
<testsuite skipped="0" hostname="MSI" name="com.myclient.testscripts.OrganisationTest" tests="1" failures="0" timestamp="2021-11-11T08:19:20 IST" time="0.009" errors="0">
  <testcase name="organisationTest" time="0.009" classname="com.myclient.testscripts.OrganisationTest"/>
  <system-out/>
</testsuite> <!-- com.myclient.testscripts.OrganisationTest -->
