<?xml version="1.0" encoding="UTF-8"?>
<!-- Generated by org.testng.reporters.JUnitReportReporter -->
<testsuite skipped="0" hostname="MSI" name="com.myclient.testscripts.ContactsTest" tests="1" failures="0" timestamp="2021-11-11T08:37:32 IST" time="0.008" errors="0">
  <testcase name="contactTest" time="0.008" classname="com.myclient.testscripts.ContactsTest"/>
  <system-out/>
</testsuite> <!-- com.myclient.testscripts.ContactsTest -->
